Using pre-set license
Built from '2020.2/staging' branch; Version is '2020.2.0b14 (dc0b50340a64) revision 14420816'; Using compiler version '192528614'; Build Type 'Release'
OS: 'Windows 10  (10.0.0) 64bit' Language: 'en' Physical Memory: 65438 MB
BatchMode: 1, IsHumanControllingUs: 0, StartBugReporterOnCrash: 0, Is64bit: 1, IsPro: 0

 COMMAND LINE ARGUMENTS:
D:\2020.2.0b14\Editor\Unity.exe
-adb2
-batchMode
-noUpm
-name
AssetImportWorker0
-projectPath
D:/GitHub Repos/World-Generation-Unity-Engine-Optimization
-logFile
Logs/AssetImportWorker0.log
-srvPort
56087
Successfully changed project path to: D:/GitHub Repos/World-Generation-Unity-Engine-Optimization
D:/GitHub Repos/World-Generation-Unity-Engine-Optimization
Using Asset Import Pipeline V2.
Refreshing native plugins compatible for Editor in 42.27 ms, found 0 plugins.
Preloading 0 native plugins for Editor in 0.00 ms.
Initialize engine version: 2020.2.0b14 (dc0b50340a64)
[Subsystems] Discovering subsystems at path D:/2020.2.0b14/Editor/Data/Resources/UnitySubsystems
[Subsystems] Discovering subsystems at path D:/GitHub Repos/World-Generation-Unity-Engine-Optimization/Assets
GfxDevice: creating device client; threaded=0
Direct3D:
    Version:  Direct3D 11.0 [level 11.1]
    Renderer: NVIDIA GeForce GTX 1070 (ID=0x1b81)
    Vendor:   
    VRAM:     8088 MB
    Driver:   27.21.14.5643
Initialize mono
Mono path[0] = 'D:/2020.2.0b14/Editor/Data/Managed'
Mono path[1] = 'D:/2020.2.0b14/Editor/Data/MonoBleedingEdge/lib/mono/unityjit'
Mono config path = 'D:/2020.2.0b14/Editor/Data/MonoBleedingEdge/etc'
Using monoOptions --debugger-agent=transport=dt_socket,embedding=1,server=y,suspend=n,address=127.0.0.1:56700
Begin MonoManager ReloadAssembly
Registering precompiled unity dll's ...
Register platform support module: D:/2020.2.0b14/Editor/Data/PlaybackEngines/WebGLSupport/UnityEditor.WebGL.Extensions.dll
Register platform support module: D:/2020.2.0b14/Editor/Data/PlaybackEngines/WindowsStandaloneSupport/UnityEditor.WindowsStandalone.Extensions.dll
Register platform support module: D:/2020.2.0b14/Editor/Data/PlaybackEngines/LinuxStandaloneSupport/UnityEditor.LinuxStandalone.Extensions.dll
Registered in 0.002579 seconds.
Native extension for LinuxStandalone target not found
Native extension for WindowsStandalone target not found
Native extension for WebGL target not found
Refreshing native plugins compatible for Editor in 42.26 ms, found 0 plugins.
Preloading 0 native plugins for Editor in 0.00 ms.
Invoked RoslynAnalysisRunner static constructor.
RoslynAnalysisRunner will not be running.
RoslynAnalysisRunner has terminated.
Mono: successfully reloaded assembly
- Completed reload, in  2.072 seconds
Platform modules already initialized, skipping
Registering precompiled user dll's ...
Registered in 0.003776 seconds.
Begin MonoManager ReloadAssembly
Can't find custom attr constructor image: D:\GitHub Repos\World-Generation-Unity-Engine-Optimization\Library\ScriptAssemblies\Unity.Burst.dll mtoken: 0x0a00000e due to: Could not load file or assembly 'Unity.Burst.Unsafe, Version=4.0.5.0, Culture=neutral, PublicKeyToken=null' or one of its dependencies. assembly:Unity.Burst.Unsafe, Version=4.0.5.0, Culture=neutral, PublicKeyToken=null type:<unknown type> member:(null) signature:<none>
Can't find custom attr constructor image: D:\GitHub Repos\World-Generation-Unity-Engine-Optimization\Library\ScriptAssemblies\Unity.Burst.dll mtoken: 0x0a00000e due to: Could not load file or assembly 'Unity.Burst.Unsafe, Version=4.0.5.0, Culture=neutral, PublicKeyToken=null' or one of its dependencies. assembly:Unity.Burst.Unsafe, Version=4.0.5.0, Culture=neutral, PublicKeyToken=null type:<unknown type> member:(null) signature:<none>
Can't find custom attr constructor image: D:\GitHub Repos\World-Generation-Unity-Engine-Optimization\Library\ScriptAssemblies\Unity.Burst.dll mtoken: 0x0a00000e due to: Could not load file or assembly 'Unity.Burst.Unsafe, Version=4.0.5.0, Culture=neutral, PublicKeyToken=null' or one of its dependencies. assembly:Unity.Burst.Unsafe, Version=4.0.5.0, Culture=neutral, PublicKeyToken=null type:<unknown type> member:(null) signature:<none>
Native extension for LinuxStandalone target not found
Native extension for WindowsStandalone target not found
Native extension for WebGL target not found
Refreshing native plugins compatible for Editor in 0.44 ms, found 0 plugins.
Preloading 0 native plugins for Editor in 0.00 ms.
Invoked RoslynAnalysisRunner static constructor.
RoslynAnalysisRunner will not be running.
RoslynAnalysisRunner has terminated.
Mono: successfully reloaded assembly
- Completed reload, in  1.936 seconds
Platform modules already initialized, skipping
========================================================================
Worker process is ready to serve import requests
Launched and connected shader compiler UnityShaderCompiler.exe after 0.09 seconds
Refreshing native plugins compatible for Editor in 0.42 ms, found 0 plugins.
Preloading 0 native plugins for Editor in 0.00 ms.
Unloading 1549 Unused Serialized files (Serialized files now loaded: 0)
System memory in use before: 80.6 MB.
System memory in use after: 80.6 MB.

Unloading 14 unused Assets to reduce memory usage. Loaded Objects now: 1987.
Total: 2.765700 ms (FindLiveObjects: 0.264700 ms CreateObjectMapping: 0.098300 ms MarkObjects: 2.331900 ms  DeleteObjects: 0.069000 ms)

========================================================================
Received Import Request.
  path: Assets/Scripts/Optimized/World Generator/Noise Generation Jobs/Fractals/MultiNoiseFractal.cs
  artifactKey: Guid(293d23d05e2f0ac4cb892bb0476381c5) Importer(815301076,1909f56bfc062723c751e8b465ee728b)
Start importing Assets/Scripts/Optimized/World Generator/Noise Generation Jobs/Fractals/MultiNoiseFractal.cs using Guid(293d23d05e2f0ac4cb892bb0476381c5) Importer(815301076,1909f56bfc062723c751e8b465ee728b)  -> (artifact id: '7a95fafaa07776009ee6b693e5e48953') in 0.099229 seconds
  Import took 0.103519 seconds .

========================================================================
Received Import Request.
  Time since last request: 84.998591 seconds.
  path: Assets/Scripts/Optimized/World Generator/Noise Generation Jobs/Fractals/MultiNoiseFractal.cs
  artifactKey: Guid(293d23d05e2f0ac4cb892bb0476381c5) Importer(815301076,1909f56bfc062723c751e8b465ee728b)
Start importing Assets/Scripts/Optimized/World Generator/Noise Generation Jobs/Fractals/MultiNoiseFractal.cs using Guid(293d23d05e2f0ac4cb892bb0476381c5) Importer(815301076,1909f56bfc062723c751e8b465ee728b)  -> (artifact id: '1cee877996d0e71b08124a71cd5cea94') in 0.003197 seconds
  Import took 0.007896 seconds .

========================================================================
Received Import Request.
  Time since last request: 8.977374 seconds.
  path: Assets/Scripts/Optimized/World Generator/Noise Generation Jobs/Fractals/MultiNoiseFractal.cs
  artifactKey: Guid(293d23d05e2f0ac4cb892bb0476381c5) Importer(815301076,1909f56bfc062723c751e8b465ee728b)
Start importing Assets/Scripts/Optimized/World Generator/Noise Generation Jobs/Fractals/MultiNoiseFractal.cs using Guid(293d23d05e2f0ac4cb892bb0476381c5) Importer(815301076,1909f56bfc062723c751e8b465ee728b)  -> (artifact id: '106017a3ad42ff22dde5cfaa81d798e4') in 0.004010 seconds
  Import took 0.007287 seconds .

========================================================================
Received Prepare
Registering precompiled user dll's ...
Registered in 0.003584 seconds.
Begin MonoManager ReloadAssembly
Can't find custom attr constructor image: D:\GitHub Repos\World-Generation-Unity-Engine-Optimization\Library\ScriptAssemblies\Unity.Burst.dll mtoken: 0x0a00000e due to: Could not load file or assembly 'Unity.Burst.Unsafe, Version=4.0.5.0, Culture=neutral, PublicKeyToken=null' or one of its dependencies. assembly:Unity.Burst.Unsafe, Version=4.0.5.0, Culture=neutral, PublicKeyToken=null type:<unknown type> member:(null) signature:<none>
Can't find custom attr constructor image: D:\GitHub Repos\World-Generation-Unity-Engine-Optimization\Library\ScriptAssemblies\Unity.Burst.dll mtoken: 0x0a00000e due to: Could not load file or assembly 'Unity.Burst.Unsafe, Version=4.0.5.0, Culture=neutral, PublicKeyToken=null' or one of its dependencies. assembly:Unity.Burst.Unsafe, Version=4.0.5.0, Culture=neutral, PublicKeyToken=null type:<unknown type> member:(null) signature:<none>
Can't find custom attr constructor image: D:\GitHub Repos\World-Generation-Unity-Engine-Optimization\Library\ScriptAssemblies\Unity.Burst.dll mtoken: 0x0a00000e due to: Could not load file or assembly 'Unity.Burst.Unsafe, Version=4.0.5.0, Culture=neutral, PublicKeyToken=null' or one of its dependencies. assembly:Unity.Burst.Unsafe, Version=4.0.5.0, Culture=neutral, PublicKeyToken=null type:<unknown type> member:(null) signature:<none>
Native extension for LinuxStandalone target not found
Native extension for WindowsStandalone target not found
Native extension for WebGL target not found
Refreshing native plugins compatible for Editor in 0.42 ms, found 0 plugins.
Preloading 0 native plugins for Editor in 0.00 ms.
Invoked RoslynAnalysisRunner static constructor.
RoslynAnalysisRunner will not be running.
RoslynAnalysisRunner has terminated.
Mono: successfully reloaded assembly
- Completed reload, in  1.400 seconds
Platform modules already initialized, skipping
Refreshing native plugins compatible for Editor in 1.41 ms, found 0 plugins.
Preloading 0 native plugins for Editor in 0.00 ms.
Unloading 1542 Unused Serialized files (Serialized files now loaded: 0)
System memory in use before: 80.5 MB.
System memory in use after: 80.6 MB.

Unloading 9 unused Assets to reduce memory usage. Loaded Objects now: 1991.
Total: 2.211800 ms (FindLiveObjects: 0.173800 ms CreateObjectMapping: 0.071700 ms MarkObjects: 1.924600 ms  DeleteObjects: 0.040400 ms)

========================================================================
Received Prepare
Registering precompiled user dll's ...
Registered in 0.002776 seconds.
Begin MonoManager ReloadAssembly
Can't find custom attr constructor image: D:\GitHub Repos\World-Generation-Unity-Engine-Optimization\Library\ScriptAssemblies\Unity.Burst.dll mtoken: 0x0a00000e due to: Could not load file or assembly 'Unity.Burst.Unsafe, Version=4.0.5.0, Culture=neutral, PublicKeyToken=null' or one of its dependencies. assembly:Unity.Burst.Unsafe, Version=4.0.5.0, Culture=neutral, PublicKeyToken=null type:<unknown type> member:(null) signature:<none>
Can't find custom attr constructor image: D:\GitHub Repos\World-Generation-Unity-Engine-Optimization\Library\ScriptAssemblies\Unity.Burst.dll mtoken: 0x0a00000e due to: Could not load file or assembly 'Unity.Burst.Unsafe, Version=4.0.5.0, Culture=neutral, PublicKeyToken=null' or one of its dependencies. assembly:Unity.Burst.Unsafe, Version=4.0.5.0, Culture=neutral, PublicKeyToken=null type:<unknown type> member:(null) signature:<none>
Can't find custom attr constructor image: D:\GitHub Repos\World-Generation-Unity-Engine-Optimization\Library\ScriptAssemblies\Unity.Burst.dll mtoken: 0x0a00000e due to: Could not load file or assembly 'Unity.Burst.Unsafe, Version=4.0.5.0, Culture=neutral, PublicKeyToken=null' or one of its dependencies. assembly:Unity.Burst.Unsafe, Version=4.0.5.0, Culture=neutral, PublicKeyToken=null type:<unknown type> member:(null) signature:<none>
Native extension for LinuxStandalone target not found
Native extension for WindowsStandalone target not found
Native extension for WebGL target not found
Refreshing native plugins compatible for Editor in 0.50 ms, found 0 plugins.
Preloading 0 native plugins for Editor in 0.00 ms.
Invoked RoslynAnalysisRunner static constructor.
RoslynAnalysisRunner will not be running.
RoslynAnalysisRunner has terminated.
Mono: successfully reloaded assembly
- Completed reload, in  1.442 seconds
Platform modules already initialized, skipping
Refreshing native plugins compatible for Editor in 0.48 ms, found 0 plugins.
Preloading 0 native plugins for Editor in 0.00 ms.
Unloading 1542 Unused Serialized files (Serialized files now loaded: 0)
System memory in use before: 80.6 MB.
System memory in use after: 80.8 MB.

Unloading 9 unused Assets to reduce memory usage. Loaded Objects now: 1995.
Total: 4.714200 ms (FindLiveObjects: 0.456800 ms CreateObjectMapping: 0.905100 ms MarkObjects: 3.321600 ms  DeleteObjects: 0.028900 ms)

AssetImportWorkerClient::OnTransportError - code=2 error=End of file
